<?xml version="1.0" encoding="UTF-8"?>
<!-- Generated by org.testng.reporters.JUnitXMLReporter -->
<testsuite ignored="4" hostname="DESKTOP-CTNIRRU" failures="0" tests="32" name="Test" time="0.155" errors="0" timestamp="2024-03-21T07:59:25 IST">
  <testcase classname="dashBoardTCs.DBPage" name="testcase2" time="0.012"/>
  <testcase classname="dashBoardTCs.DBPage" name="testcase1" time="0.002"/>
  <testcase classname="dashBoardTCs.DBPage" name="testcase4" time="0.002"/>
  <testcase classname="dashBoardTCs.DBPage" name="testcase4" time="0.001"/>
  <testcase classname="dashBoardTCs.DBPage" name="testcase4" time="0.0"/>
  <testcase classname="dashBoardTCs.DBPage" name="aactestcase5" time="0.001"/>
  <testcase classname="dashBoardTCs.DBPage" name="abctestcase5" time="0.002"/>
  <testcase classname="dashBoardTCs.DBPage" name="testcase" time="0.0"/>
  <testcase classname="dashBoardTCs.DBPage2" name="testcase2" time="0.0"/>
  <testcase classname="dashBoardTCs.DBPage2" name="testcase1" time="0.001"/>
  <testcase classname="dashBoardTCs.DBPage2" name="testcase4" time="0.002"/>
  <testcase classname="dashBoardTCs.DBPage2" name="testcase4" time="0.002"/>
  <testcase classname="dashBoardTCs.DBPage2" name="testcase4" time="0.001"/>
  <testcase classname="dashBoardTCs.DBPage2" name="aactestcase5" time="0.001"/>
  <testcase classname="dashBoardTCs.DBPage2" name="abctestcase5" time="0.0"/>
  <testcase classname="dashBoardTCs.DBPage2" name="testcase" time="0.002"/>
  <testcase classname="dashBoardTCs.DBPage3" name="testcase2" time="0.001"/>
  <testcase classname="dashBoardTCs.DBPage3" name="testcase1" time="0.001"/>
  <testcase classname="dashBoardTCs.DBPage3" name="testcase4" time="0.001"/>
  <testcase classname="dashBoardTCs.DBPage3" name="testcase4" time="0.001"/>
  <testcase classname="dashBoardTCs.DBPage3" name="testcase4" time="0.0"/>
  <testcase classname="dashBoardTCs.DBPage3" name="aactestcase5" time="0.001"/>
  <testcase classname="dashBoardTCs.DBPage3" name="abctestcase5" time="0.002"/>
  <testcase classname="dashBoardTCs.DBPage3" name="testcase" time="0.002"/>
  <testcase classname="dashBoardTCs.DBPage4" name="testcase2" time="0.002"/>
  <testcase classname="dashBoardTCs.DBPage4" name="testcase1" time="0.001"/>
  <testcase classname="dashBoardTCs.DBPage4" name="testcase4" time="0.0"/>
  <testcase classname="dashBoardTCs.DBPage4" name="testcase4" time="0.001"/>
  <testcase classname="dashBoardTCs.DBPage4" name="testcase4" time="0.001"/>
  <testcase classname="dashBoardTCs.DBPage4" name="aactestcase5" time="0.001"/>
  <testcase classname="dashBoardTCs.DBPage4" name="abctestcase5" time="0.001"/>
  <testcase classname="dashBoardTCs.DBPage4" name="testcase" time="0.001"/>
  <testcase classname="dashBoardTCs.DBPage" name="testcase3" time="0.0">
    <ignored/>
  </testcase> <!-- testcase3 -->
  <testcase classname="dashBoardTCs.DBPage4" name="testcase3" time="0.0">
    <ignored/>
  </testcase> <!-- testcase3 -->
  <testcase classname="dashBoardTCs.DBPage2" name="testcase3" time="0.0">
    <ignored/>
  </testcase> <!-- testcase3 -->
  <testcase classname="dashBoardTCs.DBPage3" name="testcase3" time="0.0">
    <ignored/>
  </testcase> <!-- testcase3 -->
</testsuite> <!-- Test -->
