<?xml version="1.0" encoding="UTF-8"?>
<testng-results ignored="0" total="1" passed="1" failed="0" skipped="0">
  <reporter-output>
  </reporter-output>
  <suite started-at="2024-03-23T08:12:33 IST" name="Default suite" finished-at="2024-03-23T08:12:57 IST" duration-ms="24302">
    <groups>
    </groups>
    <test started-at="2024-03-23T08:12:33 IST" name="Default test" finished-at="2024-03-23T08:12:57 IST" duration-ms="24302">
      <class name="dashBoardTCs.DashBoardPageCheck">
        <test-method is-config="true" signature="beforeSuite()[pri:0, instance:dashBoardTCs.DashBoardPageCheck@525575]" started-at="2024-03-23T08:12:32 IST" name="beforeSuite" finished-at="2024-03-23T08:12:33 IST" duration-ms="617" status="PASS">
          <reporter-output>
          </reporter-output>
        </test-method> <!-- beforeSuite -->
        <test-method is-config="true" signature="beforeTest()[pri:0, instance:dashBoardTCs.DashBoardPageCheck@525575]" started-at="2024-03-23T08:12:33 IST" name="beforeTest" finished-at="2024-03-23T08:12:37 IST" duration-ms="4494" status="PASS">
          <reporter-output>
          </reporter-output>
        </test-method> <!-- beforeTest -->
        <test-method is-config="true" signature="beforeClass()[pri:0, instance:dashBoardTCs.DashBoardPageCheck@525575]" started-at="2024-03-23T08:12:37 IST" name="beforeClass" finished-at="2024-03-23T08:12:44 IST" duration-ms="7186" status="PASS">
          <reporter-output>
          </reporter-output>
        </test-method> <!-- beforeClass -->
        <test-method is-config="true" signature="bMethod()[pri:0, instance:dashBoardTCs.DashBoardPageCheck@525575]" started-at="2024-03-23T08:12:44 IST" name="bMethod" finished-at="2024-03-23T08:12:56 IST" duration-ms="11497" status="PASS">
          <reporter-output>
          </reporter-output>
        </test-method> <!-- bMethod -->
        <test-method signature="DashBoardtest()[pri:0, instance:dashBoardTCs.DashBoardPageCheck@525575]" started-at="2024-03-23T08:12:56 IST" name="DashBoardtest" finished-at="2024-03-23T08:12:56 IST" duration-ms="146" status="PASS">
          <reporter-output>
          </reporter-output>
        </test-method> <!-- DashBoardtest -->
        <test-method is-config="true" signature="AfterTest()[pri:0, instance:dashBoardTCs.DashBoardPageCheck@525575]" started-at="2024-03-23T08:12:56 IST" name="AfterTest" finished-at="2024-03-23T08:12:57 IST" duration-ms="950" status="PASS">
          <reporter-output>
          </reporter-output>
        </test-method> <!-- AfterTest -->
        <test-method is-config="true" signature="afterSuite()[pri:0, instance:dashBoardTCs.DashBoardPageCheck@525575]" started-at="2024-03-23T08:12:57 IST" name="afterSuite" finished-at="2024-03-23T08:12:57 IST" duration-ms="2" status="FAIL">
          <exception class="java.lang.NullPointerException">
            <message>
              <![CDATA[Cannot invoke "org.apache.poi.xssf.usermodel.XSSFWorkbook.close()" because "this.wb" is null]]>
            </message>
            <full-stacktrace>
              <![CDATA[java.lang.NullPointerException: Cannot invoke "org.apache.poi.xssf.usermodel.XSSFWorkbook.close()" because "this.wb" is null
at testNgLearn.TestNgBasic.afterSuite(TestNgBasic.java:92)
at java.base/jdk.internal.reflect.DirectMethodHandleAccessor.invoke(DirectMethodHandleAccessor.java:104)
at java.base/java.lang.reflect.Method.invoke(Method.java:577)
at org.testng.internal.MethodInvocationHelper.invokeMethod(MethodInvocationHelper.java:133)
at org.testng.internal.MethodInvocationHelper.invokeMethodConsideringTimeout(MethodInvocationHelper.java:62)
at org.testng.internal.ConfigInvoker.invokeConfigurationMethod(ConfigInvoker.java:385)
at org.testng.internal.ConfigInvoker.invokeConfigurations(ConfigInvoker.java:321)
at org.testng.SuiteRunner.privateRun(SuiteRunner.java:344)
at org.testng.SuiteRunner.run(SuiteRunner.java:276)
at org.testng.SuiteRunnerWorker.runSuite(SuiteRunnerWorker.java:53)
at org.testng.SuiteRunnerWorker.run(SuiteRunnerWorker.java:96)
at org.testng.TestNG.runSuitesSequentially(TestNG.java:1212)
at org.testng.TestNG.runSuitesLocally(TestNG.java:1134)
at org.testng.TestNG.runSuites(TestNG.java:1063)
at org.testng.TestNG.run(TestNG.java:1031)
at org.testng.remote.AbstractRemoteTestNG.run(AbstractRemoteTestNG.java:115)
at org.testng.remote.RemoteTestNG.initAndRun(RemoteTestNG.java:251)
at org.testng.remote.RemoteTestNG.main(RemoteTestNG.java:77)
]]>
            </full-stacktrace>
          </exception> <!-- java.lang.NullPointerException -->
          <reporter-output>
          </reporter-output>
        </test-method> <!-- afterSuite -->
      </class> <!-- dashBoardTCs.DashBoardPageCheck -->
    </test> <!-- Default test -->
  </suite> <!-- Default suite -->
</testng-results>
